running egg_info
creating ../../build/tugbot_recorder/tugbot_recorder.egg-info
writing ../../build/tugbot_recorder/tugbot_recorder.egg-info/PKG-INFO
writing dependency_links to ../../build/tugbot_recorder/tugbot_recorder.egg-info/dependency_links.txt
writing entry points to ../../build/tugbot_recorder/tugbot_recorder.egg-info/entry_points.txt
writing requirements to ../../build/tugbot_recorder/tugbot_recorder.egg-info/requires.txt
writing top-level names to ../../build/tugbot_recorder/tugbot_recorder.egg-info/top_level.txt
writing manifest file '../../build/tugbot_recorder/tugbot_recorder.egg-info/SOURCES.txt'
reading manifest file '../../build/tugbot_recorder/tugbot_recorder.egg-info/SOURCES.txt'
writing manifest file '../../build/tugbot_recorder/tugbot_recorder.egg-info/SOURCES.txt'
running build
running build_py
creating /home/newin/Projects/warehouse/ws_warehouse/build/tugbot_recorder/build
creating /home/newin/Projects/warehouse/ws_warehouse/build/tugbot_recorder/build/lib
creating /home/newin/Projects/warehouse/ws_warehouse/build/tugbot_recorder/build/lib/tugbot_recorder
copying tugbot_recorder/recorder.py -> /home/newin/Projects/warehouse/ws_warehouse/build/tugbot_recorder/build/lib/tugbot_recorder
copying tugbot_recorder/__init__.py -> /home/newin/Projects/warehouse/ws_warehouse/build/tugbot_recorder/build/lib/tugbot_recorder
running install
running install_lib
creating /home/newin/Projects/warehouse/ws_warehouse/install/tugbot_recorder/lib/python3.10/site-packages/tugbot_recorder
copying /home/newin/Projects/warehouse/ws_warehouse/build/tugbot_recorder/build/lib/tugbot_recorder/recorder.py -> /home/newin/Projects/warehouse/ws_warehouse/install/tugbot_recorder/lib/python3.10/site-packages/tugbot_recorder
copying /home/newin/Projects/warehouse/ws_warehouse/build/tugbot_recorder/build/lib/tugbot_recorder/__init__.py -> /home/newin/Projects/warehouse/ws_warehouse/install/tugbot_recorder/lib/python3.10/site-packages/tugbot_recorder
byte-compiling /home/newin/Projects/warehouse/ws_warehouse/install/tugbot_recorder/lib/python3.10/site-packages/tugbot_recorder/recorder.py to recorder.cpython-310.pyc
byte-compiling /home/newin/Projects/warehouse/ws_warehouse/install/tugbot_recorder/lib/python3.10/site-packages/tugbot_recorder/__init__.py to __init__.cpython-310.pyc
running install_data
creating /home/newin/Projects/warehouse/ws_warehouse/install/tugbot_recorder/share/ament_index
creating /home/newin/Projects/warehouse/ws_warehouse/install/tugbot_recorder/share/ament_index/resource_index
creating /home/newin/Projects/warehouse/ws_warehouse/install/tugbot_recorder/share/ament_index/resource_index/packages
copying resource/tugbot_recorder -> /home/newin/Projects/warehouse/ws_warehouse/install/tugbot_recorder/share/ament_index/resource_index/packages
copying package.xml -> /home/newin/Projects/warehouse/ws_warehouse/install/tugbot_recorder/share/tugbot_recorder
running install_egg_info
Copying ../../build/tugbot_recorder/tugbot_recorder.egg-info to /home/newin/Projects/warehouse/ws_warehouse/install/tugbot_recorder/lib/python3.10/site-packages/tugbot_recorder-0.0.0-py3.10.egg-info
running install_scripts
writing list of installed files to '/home/newin/Projects/warehouse/ws_warehouse/build/tugbot_recorder/install.log'
