[0.095s] DEBUG:colcon:Command line arguments: ['/usr/bin/colcon', 'build']
[0.095s] DEBUG:colcon:Parsed command line arguments: Namespace(log_base=None, log_level=None, verb_name='build', build_base='build', install_base='install', merge_install=False, symlink_install=False, test_result_base=None, continue_on_error=False, executor='parallel', parallel_workers=16, event_handlers=None, ignore_user_meta=False, metas=['./colcon.meta'], base_paths=['.'], packages_ignore=None, packages_ignore_regex=None, paths=None, packages_up_to=None, packages_up_to_regex=None, packages_above=None, packages_above_and_dependencies=None, packages_above_depth=None, packages_select_by_dep=None, packages_skip_by_dep=None, packages_skip_up_to=None, packages_select_build_failed=False, packages_skip_build_finished=False, packages_select_test_failures=False, packages_skip_test_passed=False, packages_select=None, packages_skip=None, packages_select_regex=None, packages_skip_regex=None, packages_start=None, packages_end=None, allow_overriding=[], cmake_args=None, cmake_target=None, cmake_target_skip_unavailable=False, cmake_clean_cache=False, cmake_clean_first=False, cmake_force_configure=False, ament_cmake_args=None, catkin_cmake_args=None, catkin_skip_building_tests=False, verb_parser=<colcon_defaults.argument_parser.defaults.DefaultArgumentsDecorator object at 0x7a10b430c7f0>, verb_extension=<colcon_core.verb.build.BuildVerb object at 0x7a10b447dbd0>, main=<bound method BuildVerb.main of <colcon_core.verb.build.BuildVerb object at 0x7a10b447dbd0>>)
[0.294s] Level 1:colcon.colcon_core.package_discovery:discover_packages(colcon_meta) check parameters
[0.294s] Level 1:colcon.colcon_core.package_discovery:discover_packages(recursive) check parameters
[0.294s] Level 1:colcon.colcon_core.package_discovery:discover_packages(ignore) check parameters
[0.294s] Level 1:colcon.colcon_core.package_discovery:discover_packages(path) check parameters
[0.294s] Level 1:colcon.colcon_core.package_discovery:discover_packages(colcon_meta) discover
[0.294s] Level 1:colcon.colcon_core.package_discovery:discover_packages(recursive) discover
[0.295s] INFO:colcon.colcon_core.package_discovery:Crawling recursively for packages in '/home/newin/Projects/warehouse/ws_warehouse'
[0.295s] Level 1:colcon.colcon_core.package_identification:_identify(.) by extensions ['ignore', 'ignore_ament_install']
[0.295s] Level 1:colcon.colcon_core.package_identification:_identify(.) by extension 'ignore'
[0.295s] Level 1:colcon.colcon_core.package_identification:_identify(.) by extension 'ignore_ament_install'
[0.295s] Level 1:colcon.colcon_core.package_identification:_identify(.) by extensions ['colcon_pkg']
[0.295s] Level 1:colcon.colcon_core.package_identification:_identify(.) by extension 'colcon_pkg'
[0.295s] Level 1:colcon.colcon_core.package_identification:_identify(.) by extensions ['colcon_meta']
[0.295s] Level 1:colcon.colcon_core.package_identification:_identify(.) by extension 'colcon_meta'
[0.295s] Level 1:colcon.colcon_core.package_identification:_identify(.) by extensions ['ros']
[0.295s] Level 1:colcon.colcon_core.package_identification:_identify(.) by extension 'ros'
[0.304s] Level 1:colcon.colcon_core.package_identification:_identify(.) by extensions ['cmake', 'python']
[0.304s] Level 1:colcon.colcon_core.package_identification:_identify(.) by extension 'cmake'
[0.304s] Level 1:colcon.colcon_core.package_identification:_identify(.) by extension 'python'
[0.304s] Level 1:colcon.colcon_core.package_identification:_identify(.) by extensions ['python_setup_py']
[0.304s] Level 1:colcon.colcon_core.package_identification:_identify(.) by extension 'python_setup_py'
[0.304s] Level 1:colcon.colcon_core.package_identification:_identify(build) by extensions ['ignore', 'ignore_ament_install']
[0.304s] Level 1:colcon.colcon_core.package_identification:_identify(build) by extension 'ignore'
[0.304s] Level 1:colcon.colcon_core.package_identification:_identify(build) ignored
[0.304s] Level 1:colcon.colcon_core.package_identification:_identify(dataset) by extensions ['ignore', 'ignore_ament_install']
[0.304s] Level 1:colcon.colcon_core.package_identification:_identify(dataset) by extension 'ignore'
[0.304s] Level 1:colcon.colcon_core.package_identification:_identify(dataset) by extension 'ignore_ament_install'
[0.304s] Level 1:colcon.colcon_core.package_identification:_identify(dataset) by extensions ['colcon_pkg']
[0.304s] Level 1:colcon.colcon_core.package_identification:_identify(dataset) by extension 'colcon_pkg'
[0.304s] Level 1:colcon.colcon_core.package_identification:_identify(dataset) by extensions ['colcon_meta']
[0.304s] Level 1:colcon.colcon_core.package_identification:_identify(dataset) by extension 'colcon_meta'
[0.304s] Level 1:colcon.colcon_core.package_identification:_identify(dataset) by extensions ['ros']
[0.304s] Level 1:colcon.colcon_core.package_identification:_identify(dataset) by extension 'ros'
[0.304s] Level 1:colcon.colcon_core.package_identification:_identify(dataset) by extensions ['cmake', 'python']
[0.304s] Level 1:colcon.colcon_core.package_identification:_identify(dataset) by extension 'cmake'
[0.305s] Level 1:colcon.colcon_core.package_identification:_identify(dataset) by extension 'python'
[0.305s] Level 1:colcon.colcon_core.package_identification:_identify(dataset) by extensions ['python_setup_py']
[0.305s] Level 1:colcon.colcon_core.package_identification:_identify(dataset) by extension 'python_setup_py'
[0.305s] Level 1:colcon.colcon_core.package_identification:_identify(dataset/20250818_173753) by extensions ['ignore', 'ignore_ament_install']
[0.305s] Level 1:colcon.colcon_core.package_identification:_identify(dataset/20250818_173753) by extension 'ignore'
[0.305s] Level 1:colcon.colcon_core.package_identification:_identify(dataset/20250818_173753) by extension 'ignore_ament_install'
[0.305s] Level 1:colcon.colcon_core.package_identification:_identify(dataset/20250818_173753) by extensions ['colcon_pkg']
[0.305s] Level 1:colcon.colcon_core.package_identification:_identify(dataset/20250818_173753) by extension 'colcon_pkg'
[0.305s] Level 1:colcon.colcon_core.package_identification:_identify(dataset/20250818_173753) by extensions ['colcon_meta']
[0.305s] Level 1:colcon.colcon_core.package_identification:_identify(dataset/20250818_173753) by extension 'colcon_meta'
[0.305s] Level 1:colcon.colcon_core.package_identification:_identify(dataset/20250818_173753) by extensions ['ros']
[0.305s] Level 1:colcon.colcon_core.package_identification:_identify(dataset/20250818_173753) by extension 'ros'
[0.305s] Level 1:colcon.colcon_core.package_identification:_identify(dataset/20250818_173753) by extensions ['cmake', 'python']
[0.305s] Level 1:colcon.colcon_core.package_identification:_identify(dataset/20250818_173753) by extension 'cmake'
[0.305s] Level 1:colcon.colcon_core.package_identification:_identify(dataset/20250818_173753) by extension 'python'
[0.305s] Level 1:colcon.colcon_core.package_identification:_identify(dataset/20250818_173753) by extensions ['python_setup_py']
[0.305s] Level 1:colcon.colcon_core.package_identification:_identify(dataset/20250818_173753) by extension 'python_setup_py'
[0.305s] Level 1:colcon.colcon_core.package_identification:_identify(dataset/20250818_173753/images) by extensions ['ignore', 'ignore_ament_install']
[0.305s] Level 1:colcon.colcon_core.package_identification:_identify(dataset/20250818_173753/images) by extension 'ignore'
[0.305s] Level 1:colcon.colcon_core.package_identification:_identify(dataset/20250818_173753/images) by extension 'ignore_ament_install'
[0.305s] Level 1:colcon.colcon_core.package_identification:_identify(dataset/20250818_173753/images) by extensions ['colcon_pkg']
[0.305s] Level 1:colcon.colcon_core.package_identification:_identify(dataset/20250818_173753/images) by extension 'colcon_pkg'
[0.305s] Level 1:colcon.colcon_core.package_identification:_identify(dataset/20250818_173753/images) by extensions ['colcon_meta']
[0.305s] Level 1:colcon.colcon_core.package_identification:_identify(dataset/20250818_173753/images) by extension 'colcon_meta'
[0.305s] Level 1:colcon.colcon_core.package_identification:_identify(dataset/20250818_173753/images) by extensions ['ros']
[0.305s] Level 1:colcon.colcon_core.package_identification:_identify(dataset/20250818_173753/images) by extension 'ros'
[0.305s] Level 1:colcon.colcon_core.package_identification:_identify(dataset/20250818_173753/images) by extensions ['cmake', 'python']
[0.305s] Level 1:colcon.colcon_core.package_identification:_identify(dataset/20250818_173753/images) by extension 'cmake'
[0.306s] Level 1:colcon.colcon_core.package_identification:_identify(dataset/20250818_173753/images) by extension 'python'
[0.306s] Level 1:colcon.colcon_core.package_identification:_identify(dataset/20250818_173753/images) by extensions ['python_setup_py']
[0.306s] Level 1:colcon.colcon_core.package_identification:_identify(dataset/20250818_173753/images) by extension 'python_setup_py'
[0.306s] Level 1:colcon.colcon_core.package_identification:_identify(dataset/20250819_152507) by extensions ['ignore', 'ignore_ament_install']
[0.306s] Level 1:colcon.colcon_core.package_identification:_identify(dataset/20250819_152507) by extension 'ignore'
[0.306s] Level 1:colcon.colcon_core.package_identification:_identify(dataset/20250819_152507) by extension 'ignore_ament_install'
[0.306s] Level 1:colcon.colcon_core.package_identification:_identify(dataset/20250819_152507) by extensions ['colcon_pkg']
[0.306s] Level 1:colcon.colcon_core.package_identification:_identify(dataset/20250819_152507) by extension 'colcon_pkg'
[0.306s] Level 1:colcon.colcon_core.package_identification:_identify(dataset/20250819_152507) by extensions ['colcon_meta']
[0.306s] Level 1:colcon.colcon_core.package_identification:_identify(dataset/20250819_152507) by extension 'colcon_meta'
[0.306s] Level 1:colcon.colcon_core.package_identification:_identify(dataset/20250819_152507) by extensions ['ros']
[0.306s] Level 1:colcon.colcon_core.package_identification:_identify(dataset/20250819_152507) by extension 'ros'
[0.306s] Level 1:colcon.colcon_core.package_identification:_identify(dataset/20250819_152507) by extensions ['cmake', 'python']
[0.306s] Level 1:colcon.colcon_core.package_identification:_identify(dataset/20250819_152507) by extension 'cmake'
[0.306s] Level 1:colcon.colcon_core.package_identification:_identify(dataset/20250819_152507) by extension 'python'
[0.306s] Level 1:colcon.colcon_core.package_identification:_identify(dataset/20250819_152507) by extensions ['python_setup_py']
[0.306s] Level 1:colcon.colcon_core.package_identification:_identify(dataset/20250819_152507) by extension 'python_setup_py'
[0.307s] Level 1:colcon.colcon_core.package_identification:_identify(dataset/20250819_152507/images) by extensions ['ignore', 'ignore_ament_install']
[0.307s] Level 1:colcon.colcon_core.package_identification:_identify(dataset/20250819_152507/images) by extension 'ignore'
[0.307s] Level 1:colcon.colcon_core.package_identification:_identify(dataset/20250819_152507/images) by extension 'ignore_ament_install'
[0.307s] Level 1:colcon.colcon_core.package_identification:_identify(dataset/20250819_152507/images) by extensions ['colcon_pkg']
[0.307s] Level 1:colcon.colcon_core.package_identification:_identify(dataset/20250819_152507/images) by extension 'colcon_pkg'
[0.307s] Level 1:colcon.colcon_core.package_identification:_identify(dataset/20250819_152507/images) by extensions ['colcon_meta']
[0.307s] Level 1:colcon.colcon_core.package_identification:_identify(dataset/20250819_152507/images) by extension 'colcon_meta'
[0.307s] Level 1:colcon.colcon_core.package_identification:_identify(dataset/20250819_152507/images) by extensions ['ros']
[0.307s] Level 1:colcon.colcon_core.package_identification:_identify(dataset/20250819_152507/images) by extension 'ros'
[0.307s] Level 1:colcon.colcon_core.package_identification:_identify(dataset/20250819_152507/images) by extensions ['cmake', 'python']
[0.307s] Level 1:colcon.colcon_core.package_identification:_identify(dataset/20250819_152507/images) by extension 'cmake'
[0.307s] Level 1:colcon.colcon_core.package_identification:_identify(dataset/20250819_152507/images) by extension 'python'
[0.307s] Level 1:colcon.colcon_core.package_identification:_identify(dataset/20250819_152507/images) by extensions ['python_setup_py']
[0.307s] Level 1:colcon.colcon_core.package_identification:_identify(dataset/20250819_152507/images) by extension 'python_setup_py'
[0.307s] Level 1:colcon.colcon_core.package_identification:_identify(dataset/20250820_000902) by extensions ['ignore', 'ignore_ament_install']
[0.307s] Level 1:colcon.colcon_core.package_identification:_identify(dataset/20250820_000902) by extension 'ignore'
[0.307s] Level 1:colcon.colcon_core.package_identification:_identify(dataset/20250820_000902) by extension 'ignore_ament_install'
[0.307s] Level 1:colcon.colcon_core.package_identification:_identify(dataset/20250820_000902) by extensions ['colcon_pkg']
[0.307s] Level 1:colcon.colcon_core.package_identification:_identify(dataset/20250820_000902) by extension 'colcon_pkg'
[0.307s] Level 1:colcon.colcon_core.package_identification:_identify(dataset/20250820_000902) by extensions ['colcon_meta']
[0.307s] Level 1:colcon.colcon_core.package_identification:_identify(dataset/20250820_000902) by extension 'colcon_meta'
[0.307s] Level 1:colcon.colcon_core.package_identification:_identify(dataset/20250820_000902) by extensions ['ros']
[0.307s] Level 1:colcon.colcon_core.package_identification:_identify(dataset/20250820_000902) by extension 'ros'
[0.308s] Level 1:colcon.colcon_core.package_identification:_identify(dataset/20250820_000902) by extensions ['cmake', 'python']
[0.308s] Level 1:colcon.colcon_core.package_identification:_identify(dataset/20250820_000902) by extension 'cmake'
[0.308s] Level 1:colcon.colcon_core.package_identification:_identify(dataset/20250820_000902) by extension 'python'
[0.308s] Level 1:colcon.colcon_core.package_identification:_identify(dataset/20250820_000902) by extensions ['python_setup_py']
[0.308s] Level 1:colcon.colcon_core.package_identification:_identify(dataset/20250820_000902) by extension 'python_setup_py'
[0.308s] Level 1:colcon.colcon_core.package_identification:_identify(dataset/20250820_000902/images) by extensions ['ignore', 'ignore_ament_install']
[0.308s] Level 1:colcon.colcon_core.package_identification:_identify(dataset/20250820_000902/images) by extension 'ignore'
[0.308s] Level 1:colcon.colcon_core.package_identification:_identify(dataset/20250820_000902/images) by extension 'ignore_ament_install'
[0.308s] Level 1:colcon.colcon_core.package_identification:_identify(dataset/20250820_000902/images) by extensions ['colcon_pkg']
[0.308s] Level 1:colcon.colcon_core.package_identification:_identify(dataset/20250820_000902/images) by extension 'colcon_pkg'
[0.308s] Level 1:colcon.colcon_core.package_identification:_identify(dataset/20250820_000902/images) by extensions ['colcon_meta']
[0.308s] Level 1:colcon.colcon_core.package_identification:_identify(dataset/20250820_000902/images) by extension 'colcon_meta'
[0.308s] Level 1:colcon.colcon_core.package_identification:_identify(dataset/20250820_000902/images) by extensions ['ros']
[0.308s] Level 1:colcon.colcon_core.package_identification:_identify(dataset/20250820_000902/images) by extension 'ros'
[0.308s] Level 1:colcon.colcon_core.package_identification:_identify(dataset/20250820_000902/images) by extensions ['cmake', 'python']
[0.308s] Level 1:colcon.colcon_core.package_identification:_identify(dataset/20250820_000902/images) by extension 'cmake'
[0.308s] Level 1:colcon.colcon_core.package_identification:_identify(dataset/20250820_000902/images) by extension 'python'
[0.308s] Level 1:colcon.colcon_core.package_identification:_identify(dataset/20250820_000902/images) by extensions ['python_setup_py']
[0.308s] Level 1:colcon.colcon_core.package_identification:_identify(dataset/20250820_000902/images) by extension 'python_setup_py'
[0.308s] Level 1:colcon.colcon_core.package_identification:_identify(dataset/20250820_001318) by extensions ['ignore', 'ignore_ament_install']
[0.308s] Level 1:colcon.colcon_core.package_identification:_identify(dataset/20250820_001318) by extension 'ignore'
[0.308s] Level 1:colcon.colcon_core.package_identification:_identify(dataset/20250820_001318) by extension 'ignore_ament_install'
[0.309s] Level 1:colcon.colcon_core.package_identification:_identify(dataset/20250820_001318) by extensions ['colcon_pkg']
[0.309s] Level 1:colcon.colcon_core.package_identification:_identify(dataset/20250820_001318) by extension 'colcon_pkg'
[0.309s] Level 1:colcon.colcon_core.package_identification:_identify(dataset/20250820_001318) by extensions ['colcon_meta']
[0.309s] Level 1:colcon.colcon_core.package_identification:_identify(dataset/20250820_001318) by extension 'colcon_meta'
[0.309s] Level 1:colcon.colcon_core.package_identification:_identify(dataset/20250820_001318) by extensions ['ros']
[0.309s] Level 1:colcon.colcon_core.package_identification:_identify(dataset/20250820_001318) by extension 'ros'
[0.309s] Level 1:colcon.colcon_core.package_identification:_identify(dataset/20250820_001318) by extensions ['cmake', 'python']
[0.309s] Level 1:colcon.colcon_core.package_identification:_identify(dataset/20250820_001318) by extension 'cmake'
[0.309s] Level 1:colcon.colcon_core.package_identification:_identify(dataset/20250820_001318) by extension 'python'
[0.309s] Level 1:colcon.colcon_core.package_identification:_identify(dataset/20250820_001318) by extensions ['python_setup_py']
[0.309s] Level 1:colcon.colcon_core.package_identification:_identify(dataset/20250820_001318) by extension 'python_setup_py'
[0.309s] Level 1:colcon.colcon_core.package_identification:_identify(dataset/20250820_001318/images) by extensions ['ignore', 'ignore_ament_install']
[0.309s] Level 1:colcon.colcon_core.package_identification:_identify(dataset/20250820_001318/images) by extension 'ignore'
[0.309s] Level 1:colcon.colcon_core.package_identification:_identify(dataset/20250820_001318/images) by extension 'ignore_ament_install'
[0.309s] Level 1:colcon.colcon_core.package_identification:_identify(dataset/20250820_001318/images) by extensions ['colcon_pkg']
[0.309s] Level 1:colcon.colcon_core.package_identification:_identify(dataset/20250820_001318/images) by extension 'colcon_pkg'
[0.309s] Level 1:colcon.colcon_core.package_identification:_identify(dataset/20250820_001318/images) by extensions ['colcon_meta']
[0.309s] Level 1:colcon.colcon_core.package_identification:_identify(dataset/20250820_001318/images) by extension 'colcon_meta'
[0.309s] Level 1:colcon.colcon_core.package_identification:_identify(dataset/20250820_001318/images) by extensions ['ros']
[0.309s] Level 1:colcon.colcon_core.package_identification:_identify(dataset/20250820_001318/images) by extension 'ros'
[0.309s] Level 1:colcon.colcon_core.package_identification:_identify(dataset/20250820_001318/images) by extensions ['cmake', 'python']
[0.309s] Level 1:colcon.colcon_core.package_identification:_identify(dataset/20250820_001318/images) by extension 'cmake'
[0.309s] Level 1:colcon.colcon_core.package_identification:_identify(dataset/20250820_001318/images) by extension 'python'
[0.309s] Level 1:colcon.colcon_core.package_identification:_identify(dataset/20250820_001318/images) by extensions ['python_setup_py']
[0.309s] Level 1:colcon.colcon_core.package_identification:_identify(dataset/20250820_001318/images) by extension 'python_setup_py'
[0.309s] Level 1:colcon.colcon_core.package_identification:_identify(dataset/20250820_001755) by extensions ['ignore', 'ignore_ament_install']
[0.310s] Level 1:colcon.colcon_core.package_identification:_identify(dataset/20250820_001755) by extension 'ignore'
[0.310s] Level 1:colcon.colcon_core.package_identification:_identify(dataset/20250820_001755) by extension 'ignore_ament_install'
[0.310s] Level 1:colcon.colcon_core.package_identification:_identify(dataset/20250820_001755) by extensions ['colcon_pkg']
[0.310s] Level 1:colcon.colcon_core.package_identification:_identify(dataset/20250820_001755) by extension 'colcon_pkg'
[0.310s] Level 1:colcon.colcon_core.package_identification:_identify(dataset/20250820_001755) by extensions ['colcon_meta']
[0.310s] Level 1:colcon.colcon_core.package_identification:_identify(dataset/20250820_001755) by extension 'colcon_meta'
[0.310s] Level 1:colcon.colcon_core.package_identification:_identify(dataset/20250820_001755) by extensions ['ros']
[0.310s] Level 1:colcon.colcon_core.package_identification:_identify(dataset/20250820_001755) by extension 'ros'
[0.310s] Level 1:colcon.colcon_core.package_identification:_identify(dataset/20250820_001755) by extensions ['cmake', 'python']
[0.310s] Level 1:colcon.colcon_core.package_identification:_identify(dataset/20250820_001755) by extension 'cmake'
[0.310s] Level 1:colcon.colcon_core.package_identification:_identify(dataset/20250820_001755) by extension 'python'
[0.310s] Level 1:colcon.colcon_core.package_identification:_identify(dataset/20250820_001755) by extensions ['python_setup_py']
[0.310s] Level 1:colcon.colcon_core.package_identification:_identify(dataset/20250820_001755) by extension 'python_setup_py'
[0.310s] Level 1:colcon.colcon_core.package_identification:_identify(dataset/20250820_001755/images) by extensions ['ignore', 'ignore_ament_install']
[0.310s] Level 1:colcon.colcon_core.package_identification:_identify(dataset/20250820_001755/images) by extension 'ignore'
[0.310s] Level 1:colcon.colcon_core.package_identification:_identify(dataset/20250820_001755/images) by extension 'ignore_ament_install'
[0.310s] Level 1:colcon.colcon_core.package_identification:_identify(dataset/20250820_001755/images) by extensions ['colcon_pkg']
[0.310s] Level 1:colcon.colcon_core.package_identification:_identify(dataset/20250820_001755/images) by extension 'colcon_pkg'
[0.310s] Level 1:colcon.colcon_core.package_identification:_identify(dataset/20250820_001755/images) by extensions ['colcon_meta']
[0.310s] Level 1:colcon.colcon_core.package_identification:_identify(dataset/20250820_001755/images) by extension 'colcon_meta'
[0.310s] Level 1:colcon.colcon_core.package_identification:_identify(dataset/20250820_001755/images) by extensions ['ros']
[0.310s] Level 1:colcon.colcon_core.package_identification:_identify(dataset/20250820_001755/images) by extension 'ros'
[0.310s] Level 1:colcon.colcon_core.package_identification:_identify(dataset/20250820_001755/images) by extensions ['cmake', 'python']
[0.310s] Level 1:colcon.colcon_core.package_identification:_identify(dataset/20250820_001755/images) by extension 'cmake'
[0.311s] Level 1:colcon.colcon_core.package_identification:_identify(dataset/20250820_001755/images) by extension 'python'
[0.311s] Level 1:colcon.colcon_core.package_identification:_identify(dataset/20250820_001755/images) by extensions ['python_setup_py']
[0.311s] Level 1:colcon.colcon_core.package_identification:_identify(dataset/20250820_001755/images) by extension 'python_setup_py'
[0.311s] Level 1:colcon.colcon_core.package_identification:_identify(install) by extensions ['ignore', 'ignore_ament_install']
[0.311s] Level 1:colcon.colcon_core.package_identification:_identify(install) by extension 'ignore'
[0.311s] Level 1:colcon.colcon_core.package_identification:_identify(install) ignored
[0.311s] Level 1:colcon.colcon_core.package_identification:_identify(log) by extensions ['ignore', 'ignore_ament_install']
[0.311s] Level 1:colcon.colcon_core.package_identification:_identify(log) by extension 'ignore'
[0.311s] Level 1:colcon.colcon_core.package_identification:_identify(log) ignored
[0.311s] Level 1:colcon.colcon_core.package_identification:_identify(src) by extensions ['ignore', 'ignore_ament_install']
[0.311s] Level 1:colcon.colcon_core.package_identification:_identify(src) by extension 'ignore'
[0.311s] Level 1:colcon.colcon_core.package_identification:_identify(src) by extension 'ignore_ament_install'
[0.311s] Level 1:colcon.colcon_core.package_identification:_identify(src) by extensions ['colcon_pkg']
[0.311s] Level 1:colcon.colcon_core.package_identification:_identify(src) by extension 'colcon_pkg'
[0.311s] Level 1:colcon.colcon_core.package_identification:_identify(src) by extensions ['colcon_meta']
[0.311s] Level 1:colcon.colcon_core.package_identification:_identify(src) by extension 'colcon_meta'
[0.311s] Level 1:colcon.colcon_core.package_identification:_identify(src) by extensions ['ros']
[0.311s] Level 1:colcon.colcon_core.package_identification:_identify(src) by extension 'ros'
[0.311s] Level 1:colcon.colcon_core.package_identification:_identify(src) by extensions ['cmake', 'python']
[0.311s] Level 1:colcon.colcon_core.package_identification:_identify(src) by extension 'cmake'
[0.311s] Level 1:colcon.colcon_core.package_identification:_identify(src) by extension 'python'
[0.311s] Level 1:colcon.colcon_core.package_identification:_identify(src) by extensions ['python_setup_py']
[0.311s] Level 1:colcon.colcon_core.package_identification:_identify(src) by extension 'python_setup_py'
[0.311s] Level 1:colcon.colcon_core.package_identification:_identify(src/tugbot_recorder) by extensions ['ignore', 'ignore_ament_install']
[0.312s] Level 1:colcon.colcon_core.package_identification:_identify(src/tugbot_recorder) by extension 'ignore'
[0.312s] Level 1:colcon.colcon_core.package_identification:_identify(src/tugbot_recorder) by extension 'ignore_ament_install'
[0.312s] Level 1:colcon.colcon_core.package_identification:_identify(src/tugbot_recorder) by extensions ['colcon_pkg']
[0.312s] Level 1:colcon.colcon_core.package_identification:_identify(src/tugbot_recorder) by extension 'colcon_pkg'
[0.312s] Level 1:colcon.colcon_core.package_identification:_identify(src/tugbot_recorder) by extensions ['colcon_meta']
[0.312s] Level 1:colcon.colcon_core.package_identification:_identify(src/tugbot_recorder) by extension 'colcon_meta'
[0.312s] Level 1:colcon.colcon_core.package_identification:_identify(src/tugbot_recorder) by extensions ['ros']
[0.312s] Level 1:colcon.colcon_core.package_identification:_identify(src/tugbot_recorder) by extension 'ros'
[0.314s] DEBUG:colcon.colcon_core.package_identification:Package 'src/tugbot_recorder' with type 'ros.ament_python' and name 'tugbot_recorder'
[0.314s] Level 1:colcon.colcon_core.package_discovery:discover_packages(recursive) using defaults
[0.314s] Level 1:colcon.colcon_core.package_discovery:discover_packages(ignore) discover
[0.314s] Level 1:colcon.colcon_core.package_discovery:discover_packages(ignore) using defaults
[0.314s] Level 1:colcon.colcon_core.package_discovery:discover_packages(path) discover
[0.314s] Level 1:colcon.colcon_core.package_discovery:discover_packages(path) using defaults
[0.339s] Level 1:colcon.colcon_core.package_discovery:discover_packages(prefix_path) check parameters
[0.339s] Level 1:colcon.colcon_core.package_discovery:discover_packages(prefix_path) discover
[0.342s] DEBUG:colcon.colcon_installed_package_information.package_discovery:Found 277 installed packages in /opt/ros/humble
[0.343s] Level 1:colcon.colcon_core.package_discovery:discover_packages(prefix_path) using defaults
[0.368s] Level 5:colcon.colcon_core.verb:set package 'tugbot_recorder' build argument 'cmake_args' from command line to 'None'
[0.368s] Level 5:colcon.colcon_core.verb:set package 'tugbot_recorder' build argument 'cmake_target' from command line to 'None'
[0.368s] Level 5:colcon.colcon_core.verb:set package 'tugbot_recorder' build argument 'cmake_target_skip_unavailable' from command line to 'False'
[0.368s] Level 5:colcon.colcon_core.verb:set package 'tugbot_recorder' build argument 'cmake_clean_cache' from command line to 'False'
[0.368s] Level 5:colcon.colcon_core.verb:set package 'tugbot_recorder' build argument 'cmake_clean_first' from command line to 'False'
[0.368s] Level 5:colcon.colcon_core.verb:set package 'tugbot_recorder' build argument 'cmake_force_configure' from command line to 'False'
[0.368s] Level 5:colcon.colcon_core.verb:set package 'tugbot_recorder' build argument 'ament_cmake_args' from command line to 'None'
[0.369s] Level 5:colcon.colcon_core.verb:set package 'tugbot_recorder' build argument 'catkin_cmake_args' from command line to 'None'
[0.369s] Level 5:colcon.colcon_core.verb:set package 'tugbot_recorder' build argument 'catkin_skip_building_tests' from command line to 'False'
[0.369s] DEBUG:colcon.colcon_core.verb:Building package 'tugbot_recorder' with the following arguments: {'ament_cmake_args': None, 'build_base': '/home/newin/Projects/warehouse/ws_warehouse/build/tugbot_recorder', 'catkin_cmake_args': None, 'catkin_skip_building_tests': False, 'cmake_args': None, 'cmake_clean_cache': False, 'cmake_clean_first': False, 'cmake_force_configure': False, 'cmake_target': None, 'cmake_target_skip_unavailable': False, 'install_base': '/home/newin/Projects/warehouse/ws_warehouse/install/tugbot_recorder', 'merge_install': False, 'path': '/home/newin/Projects/warehouse/ws_warehouse/src/tugbot_recorder', 'symlink_install': False, 'test_result_base': None}
[0.369s] INFO:colcon.colcon_core.executor:Executing jobs using 'parallel' executor
[0.369s] DEBUG:colcon.colcon_parallel_executor.executor.parallel:run_until_complete
[0.370s] INFO:colcon.colcon_ros.task.ament_python.build:Building ROS package in '/home/newin/Projects/warehouse/ws_warehouse/src/tugbot_recorder' with build type 'ament_python'
[0.370s] Level 1:colcon.colcon_core.shell:create_environment_hook('tugbot_recorder', 'ament_prefix_path')
[0.373s] INFO:colcon.colcon_core.plugin_system:Skipping extension 'colcon_core.shell.bat': Not used on non-Windows systems
[0.373s] INFO:colcon.colcon_core.shell:Creating environment hook '/home/newin/Projects/warehouse/ws_warehouse/install/tugbot_recorder/share/tugbot_recorder/hook/ament_prefix_path.ps1'
[0.373s] INFO:colcon.colcon_core.shell:Creating environment descriptor '/home/newin/Projects/warehouse/ws_warehouse/install/tugbot_recorder/share/tugbot_recorder/hook/ament_prefix_path.dsv'
[0.381s] INFO:colcon.colcon_core.shell:Creating environment hook '/home/newin/Projects/warehouse/ws_warehouse/install/tugbot_recorder/share/tugbot_recorder/hook/ament_prefix_path.sh'
[0.382s] INFO:colcon.colcon_core.shell:Skip shell extension 'powershell' for command environment: Not usable outside of PowerShell
[0.382s] DEBUG:colcon.colcon_core.shell:Skip shell extension 'dsv' for command environment
[0.585s] INFO:colcon.colcon_core.task.python.build:Building Python package in '/home/newin/Projects/warehouse/ws_warehouse/src/tugbot_recorder'
[0.585s] INFO:colcon.colcon_core.shell:Skip shell extension 'powershell' for command environment: Not usable outside of PowerShell
[0.585s] DEBUG:colcon.colcon_core.shell:Skip shell extension 'dsv' for command environment
[0.853s] DEBUG:colcon.colcon_core.event_handler.log_command:Invoking command in '/home/newin/Projects/warehouse/ws_warehouse/src/tugbot_recorder': PYTHONPATH=/home/newin/Projects/warehouse/ws_warehouse/build/tugbot_recorder/prefix_override:/usr/lib/python3/dist-packages/colcon_core/task/python/colcon_distutils_commands:/home/newin/Projects/warehouse/ws_warehouse/install/tugbot_recorder/lib/python3.10/site-packages:${PYTHONPATH} /usr/bin/python3 -W ignore:setup.py install is deprecated -W ignore:easy_install command is deprecated setup.py egg_info --egg-base ../../build/tugbot_recorder build --build-base /home/newin/Projects/warehouse/ws_warehouse/build/tugbot_recorder/build install --record /home/newin/Projects/warehouse/ws_warehouse/build/tugbot_recorder/install.log --single-version-externally-managed install_data
[1.073s] DEBUG:colcon.colcon_core.event_handler.log_command:Invoked command in '/home/newin/Projects/warehouse/ws_warehouse/src/tugbot_recorder' returned '0': PYTHONPATH=/home/newin/Projects/warehouse/ws_warehouse/build/tugbot_recorder/prefix_override:/usr/lib/python3/dist-packages/colcon_core/task/python/colcon_distutils_commands:/home/newin/Projects/warehouse/ws_warehouse/install/tugbot_recorder/lib/python3.10/site-packages:${PYTHONPATH} /usr/bin/python3 -W ignore:setup.py install is deprecated -W ignore:easy_install command is deprecated setup.py egg_info --egg-base ../../build/tugbot_recorder build --build-base /home/newin/Projects/warehouse/ws_warehouse/build/tugbot_recorder/build install --record /home/newin/Projects/warehouse/ws_warehouse/build/tugbot_recorder/install.log --single-version-externally-managed install_data
[1.077s] Level 1:colcon.colcon_core.environment:checking '/home/newin/Projects/warehouse/ws_warehouse/install/tugbot_recorder' for CMake module files
[1.077s] Level 1:colcon.colcon_core.environment:checking '/home/newin/Projects/warehouse/ws_warehouse/install/tugbot_recorder' for CMake config files
[1.077s] Level 1:colcon.colcon_core.environment:checking '/home/newin/Projects/warehouse/ws_warehouse/install/tugbot_recorder/lib'
[1.077s] Level 1:colcon.colcon_core.environment:checking '/home/newin/Projects/warehouse/ws_warehouse/install/tugbot_recorder/bin'
[1.078s] Level 1:colcon.colcon_core.environment:checking '/home/newin/Projects/warehouse/ws_warehouse/install/tugbot_recorder/lib/pkgconfig/tugbot_recorder.pc'
[1.078s] Level 1:colcon.colcon_core.environment:checking '/home/newin/Projects/warehouse/ws_warehouse/install/tugbot_recorder/lib/python3.10/site-packages'
[1.078s] Level 1:colcon.colcon_core.shell:create_environment_hook('tugbot_recorder', 'pythonpath')
[1.078s] INFO:colcon.colcon_core.shell:Creating environment hook '/home/newin/Projects/warehouse/ws_warehouse/install/tugbot_recorder/share/tugbot_recorder/hook/pythonpath.ps1'
[1.078s] INFO:colcon.colcon_core.shell:Creating environment descriptor '/home/newin/Projects/warehouse/ws_warehouse/install/tugbot_recorder/share/tugbot_recorder/hook/pythonpath.dsv'
[1.079s] INFO:colcon.colcon_core.shell:Creating environment hook '/home/newin/Projects/warehouse/ws_warehouse/install/tugbot_recorder/share/tugbot_recorder/hook/pythonpath.sh'
[1.079s] Level 1:colcon.colcon_core.environment:checking '/home/newin/Projects/warehouse/ws_warehouse/install/tugbot_recorder/bin'
[1.079s] Level 1:colcon.colcon_core.environment:create_environment_scripts_only(tugbot_recorder)
[1.079s] INFO:colcon.colcon_core.shell:Creating package script '/home/newin/Projects/warehouse/ws_warehouse/install/tugbot_recorder/share/tugbot_recorder/package.ps1'
[1.080s] INFO:colcon.colcon_core.shell:Creating package descriptor '/home/newin/Projects/warehouse/ws_warehouse/install/tugbot_recorder/share/tugbot_recorder/package.dsv'
[1.081s] INFO:colcon.colcon_core.shell:Creating package script '/home/newin/Projects/warehouse/ws_warehouse/install/tugbot_recorder/share/tugbot_recorder/package.sh'
[1.082s] INFO:colcon.colcon_core.shell:Creating package script '/home/newin/Projects/warehouse/ws_warehouse/install/tugbot_recorder/share/tugbot_recorder/package.bash'
[1.083s] INFO:colcon.colcon_core.shell:Creating package script '/home/newin/Projects/warehouse/ws_warehouse/install/tugbot_recorder/share/tugbot_recorder/package.zsh'
[1.084s] Level 1:colcon.colcon_core.environment:create_file_with_runtime_dependencies(/home/newin/Projects/warehouse/ws_warehouse/install/tugbot_recorder/share/colcon-core/packages/tugbot_recorder)
[1.084s] DEBUG:colcon.colcon_parallel_executor.executor.parallel:closing loop
[1.084s] DEBUG:colcon.colcon_parallel_executor.executor.parallel:loop closed
[1.084s] DEBUG:colcon.colcon_parallel_executor.executor.parallel:run_until_complete finished with '0'
[1.084s] DEBUG:colcon.colcon_core.event_reactor:joining thread
[1.090s] INFO:colcon.colcon_core.plugin_system:Skipping extension 'colcon_notification.desktop_notification.terminal_notifier': Not used on non-Darwin systems
[1.090s] INFO:colcon.colcon_core.plugin_system:Skipping extension 'colcon_notification.desktop_notification.win32': Not used on non-Windows systems
[1.090s] INFO:colcon.colcon_notification.desktop_notification:Sending desktop notification using 'notify2'
[1.102s] DEBUG:colcon.colcon_core.event_reactor:joined thread
[1.102s] INFO:colcon.colcon_core.shell:Creating prefix script '/home/newin/Projects/warehouse/ws_warehouse/install/local_setup.ps1'
[1.104s] INFO:colcon.colcon_core.shell:Creating prefix util module '/home/newin/Projects/warehouse/ws_warehouse/install/_local_setup_util_ps1.py'
[1.105s] INFO:colcon.colcon_core.shell:Creating prefix chain script '/home/newin/Projects/warehouse/ws_warehouse/install/setup.ps1'
[1.106s] INFO:colcon.colcon_core.shell:Creating prefix script '/home/newin/Projects/warehouse/ws_warehouse/install/local_setup.sh'
[1.107s] INFO:colcon.colcon_core.shell:Creating prefix util module '/home/newin/Projects/warehouse/ws_warehouse/install/_local_setup_util_sh.py'
[1.107s] INFO:colcon.colcon_core.shell:Creating prefix chain script '/home/newin/Projects/warehouse/ws_warehouse/install/setup.sh'
[1.108s] INFO:colcon.colcon_core.shell:Creating prefix script '/home/newin/Projects/warehouse/ws_warehouse/install/local_setup.bash'
[1.109s] INFO:colcon.colcon_core.shell:Creating prefix chain script '/home/newin/Projects/warehouse/ws_warehouse/install/setup.bash'
[1.111s] INFO:colcon.colcon_core.shell:Creating prefix script '/home/newin/Projects/warehouse/ws_warehouse/install/local_setup.zsh'
[1.111s] INFO:colcon.colcon_core.shell:Creating prefix chain script '/home/newin/Projects/warehouse/ws_warehouse/install/setup.zsh'
