[0.110s] DEBUG:colcon:Command line arguments: ['/usr/bin/colcon', 'build']
[0.110s] DEBUG:colcon:Parsed command line arguments: Namespace(log_base=None, log_level=None, verb_name='build', build_base='build', install_base='install', merge_install=False, symlink_install=False, test_result_base=None, continue_on_error=False, executor='parallel', parallel_workers=16, event_handlers=None, ignore_user_meta=False, metas=['./colcon.meta'], base_paths=['.'], packages_ignore=None, packages_ignore_regex=None, paths=None, packages_up_to=None, packages_up_to_regex=None, packages_above=None, packages_above_and_dependencies=None, packages_above_depth=None, packages_select_by_dep=None, packages_skip_by_dep=None, packages_skip_up_to=None, packages_select_build_failed=False, packages_skip_build_finished=False, packages_select_test_failures=False, packages_skip_test_passed=False, packages_select=None, packages_skip=None, packages_select_regex=None, packages_skip_regex=None, packages_start=None, packages_end=None, allow_overriding=[], cmake_args=None, cmake_target=None, cmake_target_skip_unavailable=False, cmake_clean_cache=False, cmake_clean_first=False, cmake_force_configure=False, ament_cmake_args=None, catkin_cmake_args=None, catkin_skip_building_tests=False, verb_parser=<colcon_defaults.argument_parser.defaults.DefaultArgumentsDecorator object at 0x760d3ed20af0>, verb_extension=<colcon_core.verb.build.BuildVerb object at 0x760d3ee81ed0>, main=<bound method BuildVerb.main of <colcon_core.verb.build.BuildVerb object at 0x760d3ee81ed0>>)
[0.245s] Level 1:colcon.colcon_core.package_discovery:discover_packages(colcon_meta) check parameters
[0.245s] Level 1:colcon.colcon_core.package_discovery:discover_packages(recursive) check parameters
[0.245s] Level 1:colcon.colcon_core.package_discovery:discover_packages(ignore) check parameters
[0.245s] Level 1:colcon.colcon_core.package_discovery:discover_packages(path) check parameters
[0.245s] Level 1:colcon.colcon_core.package_discovery:discover_packages(colcon_meta) discover
[0.245s] Level 1:colcon.colcon_core.package_discovery:discover_packages(recursive) discover
[0.245s] INFO:colcon.colcon_core.package_discovery:Crawling recursively for packages in '/home/newin/Projects/warehouse/ws_warehouse'
[0.245s] Level 1:colcon.colcon_core.package_identification:_identify(.) by extensions ['ignore', 'ignore_ament_install']
[0.245s] Level 1:colcon.colcon_core.package_identification:_identify(.) by extension 'ignore'
[0.245s] Level 1:colcon.colcon_core.package_identification:_identify(.) by extension 'ignore_ament_install'
[0.245s] Level 1:colcon.colcon_core.package_identification:_identify(.) by extensions ['colcon_pkg']
[0.245s] Level 1:colcon.colcon_core.package_identification:_identify(.) by extension 'colcon_pkg'
[0.245s] Level 1:colcon.colcon_core.package_identification:_identify(.) by extensions ['colcon_meta']
[0.245s] Level 1:colcon.colcon_core.package_identification:_identify(.) by extension 'colcon_meta'
[0.245s] Level 1:colcon.colcon_core.package_identification:_identify(.) by extensions ['ros']
[0.245s] Level 1:colcon.colcon_core.package_identification:_identify(.) by extension 'ros'
[0.253s] Level 1:colcon.colcon_core.package_identification:_identify(.) by extensions ['cmake', 'python']
[0.253s] Level 1:colcon.colcon_core.package_identification:_identify(.) by extension 'cmake'
[0.253s] Level 1:colcon.colcon_core.package_identification:_identify(.) by extension 'python'
[0.253s] Level 1:colcon.colcon_core.package_identification:_identify(.) by extensions ['python_setup_py']
[0.253s] Level 1:colcon.colcon_core.package_identification:_identify(.) by extension 'python_setup_py'
[0.253s] Level 1:colcon.colcon_core.package_identification:_identify(build) by extensions ['ignore', 'ignore_ament_install']
[0.253s] Level 1:colcon.colcon_core.package_identification:_identify(build) by extension 'ignore'
[0.253s] Level 1:colcon.colcon_core.package_identification:_identify(build) ignored
[0.253s] Level 1:colcon.colcon_core.package_identification:_identify(dataset) by extensions ['ignore', 'ignore_ament_install']
[0.253s] Level 1:colcon.colcon_core.package_identification:_identify(dataset) by extension 'ignore'
[0.253s] Level 1:colcon.colcon_core.package_identification:_identify(dataset) by extension 'ignore_ament_install'
[0.253s] Level 1:colcon.colcon_core.package_identification:_identify(dataset) by extensions ['colcon_pkg']
[0.253s] Level 1:colcon.colcon_core.package_identification:_identify(dataset) by extension 'colcon_pkg'
[0.254s] Level 1:colcon.colcon_core.package_identification:_identify(dataset) by extensions ['colcon_meta']
[0.254s] Level 1:colcon.colcon_core.package_identification:_identify(dataset) by extension 'colcon_meta'
[0.254s] Level 1:colcon.colcon_core.package_identification:_identify(dataset) by extensions ['ros']
[0.254s] Level 1:colcon.colcon_core.package_identification:_identify(dataset) by extension 'ros'
[0.254s] Level 1:colcon.colcon_core.package_identification:_identify(dataset) by extensions ['cmake', 'python']
[0.254s] Level 1:colcon.colcon_core.package_identification:_identify(dataset) by extension 'cmake'
[0.254s] Level 1:colcon.colcon_core.package_identification:_identify(dataset) by extension 'python'
[0.254s] Level 1:colcon.colcon_core.package_identification:_identify(dataset) by extensions ['python_setup_py']
[0.254s] Level 1:colcon.colcon_core.package_identification:_identify(dataset) by extension 'python_setup_py'
[0.254s] Level 1:colcon.colcon_core.package_identification:_identify(dataset/20251117_152723_Home2A_ep5) by extensions ['ignore', 'ignore_ament_install']
[0.254s] Level 1:colcon.colcon_core.package_identification:_identify(dataset/20251117_152723_Home2A_ep5) by extension 'ignore'
[0.254s] Level 1:colcon.colcon_core.package_identification:_identify(dataset/20251117_152723_Home2A_ep5) by extension 'ignore_ament_install'
[0.254s] Level 1:colcon.colcon_core.package_identification:_identify(dataset/20251117_152723_Home2A_ep5) by extensions ['colcon_pkg']
[0.254s] Level 1:colcon.colcon_core.package_identification:_identify(dataset/20251117_152723_Home2A_ep5) by extension 'colcon_pkg'
[0.254s] Level 1:colcon.colcon_core.package_identification:_identify(dataset/20251117_152723_Home2A_ep5) by extensions ['colcon_meta']
[0.254s] Level 1:colcon.colcon_core.package_identification:_identify(dataset/20251117_152723_Home2A_ep5) by extension 'colcon_meta'
[0.254s] Level 1:colcon.colcon_core.package_identification:_identify(dataset/20251117_152723_Home2A_ep5) by extensions ['ros']
[0.254s] Level 1:colcon.colcon_core.package_identification:_identify(dataset/20251117_152723_Home2A_ep5) by extension 'ros'
[0.254s] Level 1:colcon.colcon_core.package_identification:_identify(dataset/20251117_152723_Home2A_ep5) by extensions ['cmake', 'python']
[0.254s] Level 1:colcon.colcon_core.package_identification:_identify(dataset/20251117_152723_Home2A_ep5) by extension 'cmake'
[0.254s] Level 1:colcon.colcon_core.package_identification:_identify(dataset/20251117_152723_Home2A_ep5) by extension 'python'
[0.254s] Level 1:colcon.colcon_core.package_identification:_identify(dataset/20251117_152723_Home2A_ep5) by extensions ['python_setup_py']
[0.254s] Level 1:colcon.colcon_core.package_identification:_identify(dataset/20251117_152723_Home2A_ep5) by extension 'python_setup_py'
[0.254s] Level 1:colcon.colcon_core.package_identification:_identify(dataset/20251117_152723_Home2A_ep5/images) by extensions ['ignore', 'ignore_ament_install']
[0.254s] Level 1:colcon.colcon_core.package_identification:_identify(dataset/20251117_152723_Home2A_ep5/images) by extension 'ignore'
[0.254s] Level 1:colcon.colcon_core.package_identification:_identify(dataset/20251117_152723_Home2A_ep5/images) by extension 'ignore_ament_install'
[0.255s] Level 1:colcon.colcon_core.package_identification:_identify(dataset/20251117_152723_Home2A_ep5/images) by extensions ['colcon_pkg']
[0.255s] Level 1:colcon.colcon_core.package_identification:_identify(dataset/20251117_152723_Home2A_ep5/images) by extension 'colcon_pkg'
[0.255s] Level 1:colcon.colcon_core.package_identification:_identify(dataset/20251117_152723_Home2A_ep5/images) by extensions ['colcon_meta']
[0.255s] Level 1:colcon.colcon_core.package_identification:_identify(dataset/20251117_152723_Home2A_ep5/images) by extension 'colcon_meta'
[0.255s] Level 1:colcon.colcon_core.package_identification:_identify(dataset/20251117_152723_Home2A_ep5/images) by extensions ['ros']
[0.255s] Level 1:colcon.colcon_core.package_identification:_identify(dataset/20251117_152723_Home2A_ep5/images) by extension 'ros'
[0.255s] Level 1:colcon.colcon_core.package_identification:_identify(dataset/20251117_152723_Home2A_ep5/images) by extensions ['cmake', 'python']
[0.255s] Level 1:colcon.colcon_core.package_identification:_identify(dataset/20251117_152723_Home2A_ep5/images) by extension 'cmake'
[0.255s] Level 1:colcon.colcon_core.package_identification:_identify(dataset/20251117_152723_Home2A_ep5/images) by extension 'python'
[0.255s] Level 1:colcon.colcon_core.package_identification:_identify(dataset/20251117_152723_Home2A_ep5/images) by extensions ['python_setup_py']
[0.255s] Level 1:colcon.colcon_core.package_identification:_identify(dataset/20251117_152723_Home2A_ep5/images) by extension 'python_setup_py'
[0.255s] Level 1:colcon.colcon_core.package_identification:_identify(dataset/20251117_155458_Home2A_ep5) by extensions ['ignore', 'ignore_ament_install']
[0.255s] Level 1:colcon.colcon_core.package_identification:_identify(dataset/20251117_155458_Home2A_ep5) by extension 'ignore'
[0.255s] Level 1:colcon.colcon_core.package_identification:_identify(dataset/20251117_155458_Home2A_ep5) by extension 'ignore_ament_install'
[0.255s] Level 1:colcon.colcon_core.package_identification:_identify(dataset/20251117_155458_Home2A_ep5) by extensions ['colcon_pkg']
[0.255s] Level 1:colcon.colcon_core.package_identification:_identify(dataset/20251117_155458_Home2A_ep5) by extension 'colcon_pkg'
[0.255s] Level 1:colcon.colcon_core.package_identification:_identify(dataset/20251117_155458_Home2A_ep5) by extensions ['colcon_meta']
[0.255s] Level 1:colcon.colcon_core.package_identification:_identify(dataset/20251117_155458_Home2A_ep5) by extension 'colcon_meta'
[0.255s] Level 1:colcon.colcon_core.package_identification:_identify(dataset/20251117_155458_Home2A_ep5) by extensions ['ros']
[0.255s] Level 1:colcon.colcon_core.package_identification:_identify(dataset/20251117_155458_Home2A_ep5) by extension 'ros'
[0.255s] Level 1:colcon.colcon_core.package_identification:_identify(dataset/20251117_155458_Home2A_ep5) by extensions ['cmake', 'python']
[0.255s] Level 1:colcon.colcon_core.package_identification:_identify(dataset/20251117_155458_Home2A_ep5) by extension 'cmake'
[0.255s] Level 1:colcon.colcon_core.package_identification:_identify(dataset/20251117_155458_Home2A_ep5) by extension 'python'
[0.255s] Level 1:colcon.colcon_core.package_identification:_identify(dataset/20251117_155458_Home2A_ep5) by extensions ['python_setup_py']
[0.255s] Level 1:colcon.colcon_core.package_identification:_identify(dataset/20251117_155458_Home2A_ep5) by extension 'python_setup_py'
[0.256s] Level 1:colcon.colcon_core.package_identification:_identify(dataset/20251117_155458_Home2A_ep5/images) by extensions ['ignore', 'ignore_ament_install']
[0.256s] Level 1:colcon.colcon_core.package_identification:_identify(dataset/20251117_155458_Home2A_ep5/images) by extension 'ignore'
[0.256s] Level 1:colcon.colcon_core.package_identification:_identify(dataset/20251117_155458_Home2A_ep5/images) by extension 'ignore_ament_install'
[0.256s] Level 1:colcon.colcon_core.package_identification:_identify(dataset/20251117_155458_Home2A_ep5/images) by extensions ['colcon_pkg']
[0.256s] Level 1:colcon.colcon_core.package_identification:_identify(dataset/20251117_155458_Home2A_ep5/images) by extension 'colcon_pkg'
[0.256s] Level 1:colcon.colcon_core.package_identification:_identify(dataset/20251117_155458_Home2A_ep5/images) by extensions ['colcon_meta']
[0.256s] Level 1:colcon.colcon_core.package_identification:_identify(dataset/20251117_155458_Home2A_ep5/images) by extension 'colcon_meta'
[0.256s] Level 1:colcon.colcon_core.package_identification:_identify(dataset/20251117_155458_Home2A_ep5/images) by extensions ['ros']
[0.256s] Level 1:colcon.colcon_core.package_identification:_identify(dataset/20251117_155458_Home2A_ep5/images) by extension 'ros'
[0.256s] Level 1:colcon.colcon_core.package_identification:_identify(dataset/20251117_155458_Home2A_ep5/images) by extensions ['cmake', 'python']
[0.256s] Level 1:colcon.colcon_core.package_identification:_identify(dataset/20251117_155458_Home2A_ep5/images) by extension 'cmake'
[0.256s] Level 1:colcon.colcon_core.package_identification:_identify(dataset/20251117_155458_Home2A_ep5/images) by extension 'python'
[0.256s] Level 1:colcon.colcon_core.package_identification:_identify(dataset/20251117_155458_Home2A_ep5/images) by extensions ['python_setup_py']
[0.256s] Level 1:colcon.colcon_core.package_identification:_identify(dataset/20251117_155458_Home2A_ep5/images) by extension 'python_setup_py'
[0.256s] Level 1:colcon.colcon_core.package_identification:_identify(install) by extensions ['ignore', 'ignore_ament_install']
[0.256s] Level 1:colcon.colcon_core.package_identification:_identify(install) by extension 'ignore'
[0.256s] Level 1:colcon.colcon_core.package_identification:_identify(install) ignored
[0.256s] Level 1:colcon.colcon_core.package_identification:_identify(log) by extensions ['ignore', 'ignore_ament_install']
[0.256s] Level 1:colcon.colcon_core.package_identification:_identify(log) by extension 'ignore'
[0.256s] Level 1:colcon.colcon_core.package_identification:_identify(log) ignored
[0.256s] Level 1:colcon.colcon_core.package_identification:_identify(src) by extensions ['ignore', 'ignore_ament_install']
[0.257s] Level 1:colcon.colcon_core.package_identification:_identify(src) by extension 'ignore'
[0.257s] Level 1:colcon.colcon_core.package_identification:_identify(src) by extension 'ignore_ament_install'
[0.257s] Level 1:colcon.colcon_core.package_identification:_identify(src) by extensions ['colcon_pkg']
[0.257s] Level 1:colcon.colcon_core.package_identification:_identify(src) by extension 'colcon_pkg'
[0.257s] Level 1:colcon.colcon_core.package_identification:_identify(src) by extensions ['colcon_meta']
[0.257s] Level 1:colcon.colcon_core.package_identification:_identify(src) by extension 'colcon_meta'
[0.257s] Level 1:colcon.colcon_core.package_identification:_identify(src) by extensions ['ros']
[0.257s] Level 1:colcon.colcon_core.package_identification:_identify(src) by extension 'ros'
[0.257s] Level 1:colcon.colcon_core.package_identification:_identify(src) by extensions ['cmake', 'python']
[0.257s] Level 1:colcon.colcon_core.package_identification:_identify(src) by extension 'cmake'
[0.257s] Level 1:colcon.colcon_core.package_identification:_identify(src) by extension 'python'
[0.257s] Level 1:colcon.colcon_core.package_identification:_identify(src) by extensions ['python_setup_py']
[0.257s] Level 1:colcon.colcon_core.package_identification:_identify(src) by extension 'python_setup_py'
[0.257s] Level 1:colcon.colcon_core.package_identification:_identify(src/tugbot_recorder) by extensions ['ignore', 'ignore_ament_install']
[0.257s] Level 1:colcon.colcon_core.package_identification:_identify(src/tugbot_recorder) by extension 'ignore'
[0.257s] Level 1:colcon.colcon_core.package_identification:_identify(src/tugbot_recorder) by extension 'ignore_ament_install'
[0.257s] Level 1:colcon.colcon_core.package_identification:_identify(src/tugbot_recorder) by extensions ['colcon_pkg']
[0.257s] Level 1:colcon.colcon_core.package_identification:_identify(src/tugbot_recorder) by extension 'colcon_pkg'
[0.257s] Level 1:colcon.colcon_core.package_identification:_identify(src/tugbot_recorder) by extensions ['colcon_meta']
[0.257s] Level 1:colcon.colcon_core.package_identification:_identify(src/tugbot_recorder) by extension 'colcon_meta'
[0.257s] Level 1:colcon.colcon_core.package_identification:_identify(src/tugbot_recorder) by extensions ['ros']
[0.257s] Level 1:colcon.colcon_core.package_identification:_identify(src/tugbot_recorder) by extension 'ros'
[0.259s] DEBUG:colcon.colcon_core.package_identification:Package 'src/tugbot_recorder' with type 'ros.ament_python' and name 'tugbot_recorder'
[0.259s] Level 1:colcon.colcon_core.package_discovery:discover_packages(recursive) using defaults
[0.259s] Level 1:colcon.colcon_core.package_discovery:discover_packages(ignore) discover
[0.259s] Level 1:colcon.colcon_core.package_discovery:discover_packages(ignore) using defaults
[0.259s] Level 1:colcon.colcon_core.package_discovery:discover_packages(path) discover
[0.259s] Level 1:colcon.colcon_core.package_discovery:discover_packages(path) using defaults
[0.285s] Level 1:colcon.colcon_core.package_discovery:discover_packages(prefix_path) check parameters
[0.285s] Level 1:colcon.colcon_core.package_discovery:discover_packages(prefix_path) discover
[0.286s] DEBUG:colcon.colcon_installed_package_information.package_discovery:Found 1 installed packages in /home/newin/Projects/warehouse/ws_warehouse/install
[0.287s] DEBUG:colcon.colcon_installed_package_information.package_discovery:Found 277 installed packages in /opt/ros/humble
[0.288s] Level 1:colcon.colcon_core.package_discovery:discover_packages(prefix_path) using defaults
[0.315s] Level 5:colcon.colcon_core.verb:set package 'tugbot_recorder' build argument 'cmake_args' from command line to 'None'
[0.315s] Level 5:colcon.colcon_core.verb:set package 'tugbot_recorder' build argument 'cmake_target' from command line to 'None'
[0.315s] Level 5:colcon.colcon_core.verb:set package 'tugbot_recorder' build argument 'cmake_target_skip_unavailable' from command line to 'False'
[0.315s] Level 5:colcon.colcon_core.verb:set package 'tugbot_recorder' build argument 'cmake_clean_cache' from command line to 'False'
[0.315s] Level 5:colcon.colcon_core.verb:set package 'tugbot_recorder' build argument 'cmake_clean_first' from command line to 'False'
[0.315s] Level 5:colcon.colcon_core.verb:set package 'tugbot_recorder' build argument 'cmake_force_configure' from command line to 'False'
[0.315s] Level 5:colcon.colcon_core.verb:set package 'tugbot_recorder' build argument 'ament_cmake_args' from command line to 'None'
[0.315s] Level 5:colcon.colcon_core.verb:set package 'tugbot_recorder' build argument 'catkin_cmake_args' from command line to 'None'
[0.315s] Level 5:colcon.colcon_core.verb:set package 'tugbot_recorder' build argument 'catkin_skip_building_tests' from command line to 'False'
[0.315s] DEBUG:colcon.colcon_core.verb:Building package 'tugbot_recorder' with the following arguments: {'ament_cmake_args': None, 'build_base': '/home/newin/Projects/warehouse/ws_warehouse/build/tugbot_recorder', 'catkin_cmake_args': None, 'catkin_skip_building_tests': False, 'cmake_args': None, 'cmake_clean_cache': False, 'cmake_clean_first': False, 'cmake_force_configure': False, 'cmake_target': None, 'cmake_target_skip_unavailable': False, 'install_base': '/home/newin/Projects/warehouse/ws_warehouse/install/tugbot_recorder', 'merge_install': False, 'path': '/home/newin/Projects/warehouse/ws_warehouse/src/tugbot_recorder', 'symlink_install': False, 'test_result_base': None}
[0.315s] INFO:colcon.colcon_core.executor:Executing jobs using 'parallel' executor
[0.316s] DEBUG:colcon.colcon_parallel_executor.executor.parallel:run_until_complete
[0.316s] INFO:colcon.colcon_ros.task.ament_python.build:Building ROS package in '/home/newin/Projects/warehouse/ws_warehouse/src/tugbot_recorder' with build type 'ament_python'
[0.316s] Level 1:colcon.colcon_core.shell:create_environment_hook('tugbot_recorder', 'ament_prefix_path')
[0.318s] INFO:colcon.colcon_core.plugin_system:Skipping extension 'colcon_core.shell.bat': Not used on non-Windows systems
[0.318s] INFO:colcon.colcon_core.shell:Creating environment hook '/home/newin/Projects/warehouse/ws_warehouse/install/tugbot_recorder/share/tugbot_recorder/hook/ament_prefix_path.ps1'
[0.318s] INFO:colcon.colcon_core.shell:Creating environment descriptor '/home/newin/Projects/warehouse/ws_warehouse/install/tugbot_recorder/share/tugbot_recorder/hook/ament_prefix_path.dsv'
[0.319s] INFO:colcon.colcon_core.shell:Creating environment hook '/home/newin/Projects/warehouse/ws_warehouse/install/tugbot_recorder/share/tugbot_recorder/hook/ament_prefix_path.sh'
[0.320s] INFO:colcon.colcon_core.shell:Skip shell extension 'powershell' for command environment: Not usable outside of PowerShell
[0.320s] DEBUG:colcon.colcon_core.shell:Skip shell extension 'dsv' for command environment
[0.518s] INFO:colcon.colcon_core.task.python.build:Building Python package in '/home/newin/Projects/warehouse/ws_warehouse/src/tugbot_recorder'
[0.518s] INFO:colcon.colcon_core.shell:Skip shell extension 'powershell' for command environment: Not usable outside of PowerShell
[0.518s] DEBUG:colcon.colcon_core.shell:Skip shell extension 'dsv' for command environment
[0.781s] DEBUG:colcon.colcon_core.event_handler.log_command:Invoking command in '/home/newin/Projects/warehouse/ws_warehouse/src/tugbot_recorder': PYTHONPATH=/home/newin/Projects/warehouse/ws_warehouse/build/tugbot_recorder/prefix_override:/usr/lib/python3/dist-packages/colcon_core/task/python/colcon_distutils_commands:/home/newin/Projects/warehouse/ws_warehouse/install/tugbot_recorder/lib/python3.10/site-packages:${PYTHONPATH} /usr/bin/python3 -W ignore:setup.py install is deprecated -W ignore:easy_install command is deprecated setup.py egg_info --egg-base ../../build/tugbot_recorder build --build-base /home/newin/Projects/warehouse/ws_warehouse/build/tugbot_recorder/build install --record /home/newin/Projects/warehouse/ws_warehouse/build/tugbot_recorder/install.log --single-version-externally-managed install_data
[1.013s] DEBUG:colcon.colcon_core.event_handler.log_command:Invoked command in '/home/newin/Projects/warehouse/ws_warehouse/src/tugbot_recorder' returned '0': PYTHONPATH=/home/newin/Projects/warehouse/ws_warehouse/build/tugbot_recorder/prefix_override:/usr/lib/python3/dist-packages/colcon_core/task/python/colcon_distutils_commands:/home/newin/Projects/warehouse/ws_warehouse/install/tugbot_recorder/lib/python3.10/site-packages:${PYTHONPATH} /usr/bin/python3 -W ignore:setup.py install is deprecated -W ignore:easy_install command is deprecated setup.py egg_info --egg-base ../../build/tugbot_recorder build --build-base /home/newin/Projects/warehouse/ws_warehouse/build/tugbot_recorder/build install --record /home/newin/Projects/warehouse/ws_warehouse/build/tugbot_recorder/install.log --single-version-externally-managed install_data
[1.014s] Level 1:colcon.colcon_core.environment:checking '/home/newin/Projects/warehouse/ws_warehouse/install/tugbot_recorder' for CMake module files
[1.014s] Level 1:colcon.colcon_core.environment:checking '/home/newin/Projects/warehouse/ws_warehouse/install/tugbot_recorder' for CMake config files
[1.015s] Level 1:colcon.colcon_core.environment:checking '/home/newin/Projects/warehouse/ws_warehouse/install/tugbot_recorder/lib'
[1.015s] Level 1:colcon.colcon_core.environment:checking '/home/newin/Projects/warehouse/ws_warehouse/install/tugbot_recorder/bin'
[1.015s] Level 1:colcon.colcon_core.environment:checking '/home/newin/Projects/warehouse/ws_warehouse/install/tugbot_recorder/lib/pkgconfig/tugbot_recorder.pc'
[1.016s] Level 1:colcon.colcon_core.environment:checking '/home/newin/Projects/warehouse/ws_warehouse/install/tugbot_recorder/lib/python3.10/site-packages'
[1.016s] Level 1:colcon.colcon_core.shell:create_environment_hook('tugbot_recorder', 'pythonpath')
[1.016s] INFO:colcon.colcon_core.shell:Creating environment hook '/home/newin/Projects/warehouse/ws_warehouse/install/tugbot_recorder/share/tugbot_recorder/hook/pythonpath.ps1'
[1.016s] INFO:colcon.colcon_core.shell:Creating environment descriptor '/home/newin/Projects/warehouse/ws_warehouse/install/tugbot_recorder/share/tugbot_recorder/hook/pythonpath.dsv'
[1.016s] INFO:colcon.colcon_core.shell:Creating environment hook '/home/newin/Projects/warehouse/ws_warehouse/install/tugbot_recorder/share/tugbot_recorder/hook/pythonpath.sh'
[1.017s] Level 1:colcon.colcon_core.environment:checking '/home/newin/Projects/warehouse/ws_warehouse/install/tugbot_recorder/bin'
[1.017s] Level 1:colcon.colcon_core.environment:create_environment_scripts_only(tugbot_recorder)
[1.017s] INFO:colcon.colcon_core.shell:Creating package script '/home/newin/Projects/warehouse/ws_warehouse/install/tugbot_recorder/share/tugbot_recorder/package.ps1'
[1.018s] INFO:colcon.colcon_core.shell:Creating package descriptor '/home/newin/Projects/warehouse/ws_warehouse/install/tugbot_recorder/share/tugbot_recorder/package.dsv'
[1.018s] INFO:colcon.colcon_core.shell:Creating package script '/home/newin/Projects/warehouse/ws_warehouse/install/tugbot_recorder/share/tugbot_recorder/package.sh'
[1.018s] INFO:colcon.colcon_core.shell:Creating package script '/home/newin/Projects/warehouse/ws_warehouse/install/tugbot_recorder/share/tugbot_recorder/package.bash'
[1.019s] INFO:colcon.colcon_core.shell:Creating package script '/home/newin/Projects/warehouse/ws_warehouse/install/tugbot_recorder/share/tugbot_recorder/package.zsh'
[1.019s] Level 1:colcon.colcon_core.environment:create_file_with_runtime_dependencies(/home/newin/Projects/warehouse/ws_warehouse/install/tugbot_recorder/share/colcon-core/packages/tugbot_recorder)
[1.020s] DEBUG:colcon.colcon_parallel_executor.executor.parallel:closing loop
[1.020s] DEBUG:colcon.colcon_parallel_executor.executor.parallel:loop closed
[1.020s] DEBUG:colcon.colcon_parallel_executor.executor.parallel:run_until_complete finished with '0'
[1.020s] DEBUG:colcon.colcon_core.event_reactor:joining thread
[1.024s] INFO:colcon.colcon_core.plugin_system:Skipping extension 'colcon_notification.desktop_notification.terminal_notifier': Not used on non-Darwin systems
[1.024s] INFO:colcon.colcon_core.plugin_system:Skipping extension 'colcon_notification.desktop_notification.win32': Not used on non-Windows systems
[1.024s] INFO:colcon.colcon_notification.desktop_notification:Sending desktop notification using 'notify2'
[1.032s] DEBUG:colcon.colcon_core.event_reactor:joined thread
[1.033s] INFO:colcon.colcon_core.shell:Creating prefix script '/home/newin/Projects/warehouse/ws_warehouse/install/local_setup.ps1'
[1.034s] INFO:colcon.colcon_core.shell:Creating prefix util module '/home/newin/Projects/warehouse/ws_warehouse/install/_local_setup_util_ps1.py'
[1.034s] INFO:colcon.colcon_core.shell:Creating prefix chain script '/home/newin/Projects/warehouse/ws_warehouse/install/setup.ps1'
[1.035s] INFO:colcon.colcon_core.shell:Creating prefix script '/home/newin/Projects/warehouse/ws_warehouse/install/local_setup.sh'
[1.035s] INFO:colcon.colcon_core.shell:Creating prefix util module '/home/newin/Projects/warehouse/ws_warehouse/install/_local_setup_util_sh.py'
[1.036s] INFO:colcon.colcon_core.shell:Creating prefix chain script '/home/newin/Projects/warehouse/ws_warehouse/install/setup.sh'
[1.037s] INFO:colcon.colcon_core.shell:Creating prefix script '/home/newin/Projects/warehouse/ws_warehouse/install/local_setup.bash'
[1.037s] INFO:colcon.colcon_core.shell:Creating prefix chain script '/home/newin/Projects/warehouse/ws_warehouse/install/setup.bash'
[1.038s] INFO:colcon.colcon_core.shell:Creating prefix script '/home/newin/Projects/warehouse/ws_warehouse/install/local_setup.zsh'
[1.038s] INFO:colcon.colcon_core.shell:Creating prefix chain script '/home/newin/Projects/warehouse/ws_warehouse/install/setup.zsh'
