running egg_info
writing ../../build/tugbot_recorder/tugbot_recorder.egg-info/PKG-INFO
writing dependency_links to ../../build/tugbot_recorder/tugbot_recorder.egg-info/dependency_links.txt
writing entry points to ../../build/tugbot_recorder/tugbot_recorder.egg-info/entry_points.txt
writing requirements to ../../build/tugbot_recorder/tugbot_recorder.egg-info/requires.txt
writing top-level names to ../../build/tugbot_recorder/tugbot_recorder.egg-info/top_level.txt
reading manifest file '../../build/tugbot_recorder/tugbot_recorder.egg-info/SOURCES.txt'
writing manifest file '../../build/tugbot_recorder/tugbot_recorder.egg-info/SOURCES.txt'
running build
running build_py
copying tugbot_recorder/recorder.py -> /home/newin/Projects/warehouse/ws_warehouse/build/tugbot_recorder/build/lib/tugbot_recorder
running install
running install_lib
copying /home/newin/Projects/warehouse/ws_warehouse/build/tugbot_recorder/build/lib/tugbot_recorder/recorder.py -> /home/newin/Projects/warehouse/ws_warehouse/install/tugbot_recorder/lib/python3.10/site-packages/tugbot_recorder
byte-compiling /home/newin/Projects/warehouse/ws_warehouse/install/tugbot_recorder/lib/python3.10/site-packages/tugbot_recorder/recorder.py to recorder.cpython-310.pyc
running install_data
running install_egg_info
removing '/home/newin/Projects/warehouse/ws_warehouse/install/tugbot_recorder/lib/python3.10/site-packages/tugbot_recorder-0.0.0-py3.10.egg-info' (and everything under it)
Copying ../../build/tugbot_recorder/tugbot_recorder.egg-info to /home/newin/Projects/warehouse/ws_warehouse/install/tugbot_recorder/lib/python3.10/site-packages/tugbot_recorder-0.0.0-py3.10.egg-info
running install_scripts
Installing recorder script to /home/newin/Projects/warehouse/ws_warehouse/install/tugbot_recorder/lib/tugbot_recorder
writing list of installed files to '/home/newin/Projects/warehouse/ws_warehouse/build/tugbot_recorder/install.log'
